test vm::tests::test_select_star_from_table ... ok
test vm::tests::test_select_literal ... FAILED
test vm::tests::test_vm_bytecode_generation ... FAILED

failures:

---- vm::tests::test_select_literal stdout ----

thread 'vm::tests::test_select_literal' panicked at src/vm/tests.rs:23:5:
VM execution failed: Some(InvalidSqlQuery("SELECT query must have at least one table"))
stack backtrace:
   0: rust_begin_unwind
             at /rustc/4eb161250e340c8f48f66e2b929ef4a5bed7c181/library/std/src/panicking.rs:692:5
   1: core::panicking::panic_fmt
             at /rustc/4eb161250e340c8f48f66e2b929ef4a5bed7c181/library/core/src/panicking.rs:75:14
   2: sqawk::vm::tests::test_select_literal
             at ./src/vm/tests.rs:23:5
   3: sqawk::vm::tests::test_select_literal::{{closure}}
             at ./src/vm/tests.rs:12:25
   4: core::ops::function::FnOnce::call_once
             at /rustc/4eb161250e340c8f48f66e2b929ef4a5bed7c181/library/core/src/ops/function.rs:250:5
   5: core::ops::function::FnOnce::call_once
             at /rustc/4eb161250e340c8f48f66e2b929ef4a5bed7c181/library/core/src/ops/function.rs:250:5
note: Some details are omitted, run with `RUST_BACKTRACE=full` for a verbose backtrace.

---- vm::tests::test_vm_bytecode_generation stdout ----

thread 'vm::tests::test_vm_bytecode_generation' panicked at src/vm/tests.rs:59:48:
Failed to compile SQL: InvalidSqlQuery("SELECT query must have at least one table")
stack backtrace:
   0: rust_begin_unwind
             at /rustc/4eb161250e340c8f48f66e2b929ef4a5bed7c181/library/std/src/panicking.rs:692:5
   1: core::panicking::panic_fmt
             at /rustc/4eb161250e340c8f48f66e2b929ef4a5bed7c181/library/core/src/panicking.rs:75:14
   2: core::result::unwrap_failed
             at /rustc/4eb161250e340c8f48f66e2b929ef4a5bed7c181/library/core/src/result.rs:1704:5
   3: core::result::Result<T,E>::expect
             at /rustc/4eb161250e340c8f48f66e2b929ef4a5bed7c181/library/core/src/result.rs:1061:23
   4: sqawk::vm::tests::test_vm_bytecode_generation
             at ./src/vm/tests.rs:59:19
   5: sqawk::vm::tests::test_vm_bytecode_generation::{{closure}}
             at ./src/vm/tests.rs:50:33
   6: core::ops::function::FnOnce::call_once
             at /rustc/4eb161250e340c8f48f66e2b929ef4a5bed7c181/library/core/src/ops/function.rs:250:5
   7: core::ops::function::FnOnce::call_once
             at /rustc/4eb161250e340c8f48f66e2b929ef4a5bed7c181/library/core/src/ops/function.rs:250:5
note: Some details are omitted, run with `RUST_BACKTRACE=full` for a verbose backtrace.


failures:
    vm::tests::test_select_literal
    vm::tests::test_vm_bytecode_generation

test result: FAILED. 17 passed; 2 failed; 0 ignored; 0 measured; 0 filtered out; finished in 0.05s

error: test failed, to rerun pass `--lib`